<?xml version="1.0" encoding="UTF-8"?>
<!-- Generated by org.testng.reporters.JUnitReportReporter -->
<testsuite hostname="DESKTOP-FVEFBQR" failures="0" tests="6" name="com.test.GoogleTest" time="24.047" errors="0" timestamp="2021-06-07T11:42:56 IST" skipped="1">
  <testcase classname="com.test.GoogleTest" name="googleTitleTest" time="4.261"/>
  <system-out/>
  <testcase classname="com.test.GoogleTest" name="mailLinkTest" time="4.284"/>
  <system-out/>
  <testcase classname="com.test.GoogleTest" name="test1" time="6.763"/>
  <system-out/>
  <testcase classname="com.test.GoogleTest" name="test2" time="4.350"/>
  <system-out/>
  <testcase classname="com.test.GoogleTest" name="test3" time="4.389"/>
  <system-out/>
  <testcase classname="com.test.GoogleTest" name="googleLogoTest">
    <skipped/>
  </testcase> <!-- googleLogoTest -->
  <system-out/>
</testsuite> <!-- com.test.GoogleTest -->
