<?xml version="1.0" encoding="UTF-8"?>
<!-- Generated by org.testng.reporters.JUnitReportReporter -->
<testsuite hostname="DESKTOP-FVEFBQR" failures="0" tests="1" name="parameters.ParameterTest" time="19.997" errors="0" timestamp="2021-06-04T11:45:10 IST" skipped="0">
  <testcase classname="parameters.ParameterTest" name="yahooLoginTest" time="19.997"/>
  <system-out/>
</testsuite> <!-- parameters.ParameterTest -->
