<?xml version="1.0" encoding="UTF-8"?>
<!-- Generated by org.testng.reporters.JUnitReportReporter -->
<testsuite hostname="DESKTOP-FVEFBQR" failures="0" tests="4" name="com.test.TestNgFeatures" time="0.008" errors="0" timestamp="2021-06-07T11:42:56 IST" skipped="0">
  <testcase classname="com.test.TestNgFeatures" name="loginTest" time="0.001"/>
  <system-out/>
  <testcase classname="com.test.TestNgFeatures" name="HomePageTest" time="0.004"/>
  <system-out/>
  <testcase classname="com.test.TestNgFeatures" name="SearchPageTest" time="0.002"/>
  <system-out/>
  <testcase classname="com.test.TestNgFeatures" name="RegPageTest" time="0.001"/>
  <system-out/>
</testsuite> <!-- com.test.TestNgFeatures -->
