<?xml version="1.0" encoding="UTF-8"?>
<!-- Generated by org.testng.reporters.JUnitReportReporter -->
<testsuite hostname="DESKTOP-FVEFBQR" failures="0" tests="1" name="com.test.ExceptionTimeOutTest" time="0.010" errors="0" timestamp="2021-06-07T11:42:56 IST" skipped="0">
  <testcase classname="com.test.ExceptionTimeOutTest" name="test1" time="0.010"/>
  <system-out/>
</testsuite> <!-- com.test.ExceptionTimeOutTest -->
