<?xml version="1.0" encoding="UTF-8"?>
<!-- Generated by org.testng.reporters.JUnitReportReporter -->
<testsuite hostname="DESKTOP-FVEFBQR" failures="0" tests="3" name="com.test.TestNgBasics" time="0.006" errors="0" timestamp="2021-06-07T11:42:56 IST" skipped="0">
  <testcase classname="com.test.TestNgBasics" name="searchTest" time="0.001"/>
  <system-out/>
  <testcase classname="com.test.TestNgBasics" name="googleLogoTest" time="0.004"/>
  <system-out/>
  <testcase classname="com.test.TestNgBasics" name="googleTitleTest" time="0.001"/>
  <system-out/>
</testsuite> <!-- com.test.TestNgBasics -->
